\BOOKMARK [1][-]{section.1}{\376\377\000I\000n\000t\000r\000o\000d\000u\000c\000t\000i\000o\000n}{}% 1
\BOOKMARK [1][-]{section.2}{\376\377\000C\000h\000o\000i\000x\000\040\000d\000u\000\040\000s\000u\000j\000e\000t}{}% 2
\BOOKMARK [1][-]{section.3}{\376\377\000C\000a\000h\000i\000e\000r\000\040\000d\000e\000s\000\040\000c\000h\000a\000r\000g\000e\000s}{}% 3
\BOOKMARK [2][-]{subsection.3.1}{\376\377\000C\000o\000n\000t\000e\000x\000t\000e}{section.3}% 4
\BOOKMARK [2][-]{subsection.3.2}{\376\377\000B\000e\000s\000o\000i\000n\000\040\000d\000u\000\040\000c\000l\000i\000e\000n\000t}{section.3}% 5
\BOOKMARK [2][-]{subsection.3.3}{\376\377\000F\000o\000n\000c\000t\000i\000o\000n\000n\000a\000l\000i\000t\000\351\000s\000\040\000o\000p\000t\000i\000o\000n\000n\000e\000l\000l\000e\000s}{section.3}% 6
\BOOKMARK [2][-]{subsection.3.4}{\376\377\000C\000o\000n\000t\000r\000a\000i\000n\000t\000e\000s}{section.3}% 7
\BOOKMARK [2][-]{subsection.3.5}{\376\377\000M\000\351\000t\000h\000o\000d\000o\000l\000o\000g\000i\000e}{section.3}% 8
\BOOKMARK [2][-]{subsection.3.6}{\376\377\000I\000n\000t\000e\000r\000a\000c\000t\000i\000o\000n\000s\000\040\000a\000v\000e\000c\000\040\000l\000e\000\040\000c\000l\000i\000e\000n\000t\000\040\000\050\000e\000t\000/\000o\000u\000\040\000l\000e\000\040\000r\000a\000p\000p\000o\000r\000t\000e\000u\000r\000\051}{section.3}% 9
\BOOKMARK [1][-]{section.4}{\376\377\000A\000n\000a\000l\000y\000s\000e}{}% 10
\BOOKMARK [2][-]{subsection.4.1}{\376\377\000A\000s\000p\000e\000c\000t\000s\000\040\000t\000e\000c\000h\000n\000o\000l\000o\000g\000i\000q\000u\000e\000s}{section.4}% 11
\BOOKMARK [3][-]{subsubsection.4.1.1}{\376\377\000F\000r\000o\000n\000t\000-\000e\000n\000d}{subsection.4.1}% 12
\BOOKMARK [3][-]{subsubsection.4.1.2}{\376\377\000B\000a\000c\000k\000-\000e\000n\000d}{subsection.4.1}% 13
\BOOKMARK [3][-]{subsubsection.4.1.3}{\376\377\000H\000\351\000b\000e\000r\000g\000e\000m\000e\000n\000t}{subsection.4.1}% 14
\BOOKMARK [2][-]{subsection.4.2}{\376\377\000A\000s\000p\000e\000c\000t\000\040\000n\000o\000n\000\040\000t\000e\000c\000h\000n\000o\000l\000o\000g\000i\000q\000u\000e\000s}{section.4}% 15
\BOOKMARK [3][-]{subsubsection.4.2.1}{\376\377\000T\000e\000s\000t\000s\000\040\000u\000n\000i\000t\000a\000i\000r\000e\000s\000\040\000e\000t\000\040\000t\000e\000s\000t\000s\000\040\000d\000'\000i\000n\000t\000\351\000g\000r\000a\000t\000i\000o\000n}{subsection.4.2}% 16
\BOOKMARK [3][-]{subsubsection.4.2.2}{\376\377\000S\000\351\000c\000u\000r\000i\000t\000\351\000\040\000e\000t\000\040\000c\000o\000n\000f\000i\000d\000e\000n\000t\000i\000a\000l\000i\000t\000\351}{subsection.4.2}% 17
\BOOKMARK [3][-]{subsubsection.4.2.3}{\376\377\000A\000c\000c\000e\000s\000s\000i\000b\000i\000l\000i\000t\000\351}{subsection.4.2}% 18
\BOOKMARK [3][-]{subsubsection.4.2.4}{\376\377\000O\000p\000t\000i\000m\000i\000s\000a\000t\000i\000o\000n\000\040\000e\000t\000\040\000p\000e\000r\000f\000o\000r\000m\000a\000n\000c\000e}{subsection.4.2}% 19
\BOOKMARK [3][-]{subsubsection.4.2.5}{\376\377\000D\000o\000c\000u\000m\000e\000n\000t\000a\000t\000i\000o\000n}{subsection.4.2}% 20
\BOOKMARK [3][-]{subsubsection.4.2.6}{\376\377\000G\000e\000s\000t\000i\000o\000n\000\040\000d\000e\000\040\000p\000r\000o\000j\000e\000t}{subsection.4.2}% 21
\BOOKMARK [3][-]{subsubsection.4.2.7}{\376\377\000M\000o\000d\000u\000l\000a\000r\000i\000t\000\351\000\040\000e\000t\000\040\000\351\000v\000o\000l\000u\000t\000i\000v\000i\000t\000\351}{subsection.4.2}% 22
\BOOKMARK [1][-]{section.5}{\376\377\000H\000\351\000b\000e\000r\000g\000e\000m\000e\000n\000t\000\040\000e\000t\000\040\000a\000s\000p\000e\000c\000t\000s\000\040\000r\000\351\000s\000e\000a\000u\000x}{}% 23
\BOOKMARK [2][-]{subsection.5.1}{\376\377\000d\000o\000c\000k\000e\000r\000-\000c\000o\000m\000p\000o\000s\000e}{section.5}% 24
\BOOKMARK [2][-]{subsection.5.2}{\376\377\000k\000u\000b\000e\000r\000n\000e\000t\000e\000s}{section.5}% 25
\BOOKMARK [3][-]{subsubsection.5.2.1}{\376\377\000L\000e\000\040\000P\000l\000a\000y\000b\000o\000o\000k}{subsection.5.2}% 26
\BOOKMARK [2][-]{subsection.5.3}{\376\377\000L\000e\000s\000\040\000C\000o\000n\000t\000e\000n\000e\000u\000r\000s}{section.5}% 27
\BOOKMARK [2][-]{subsection.5.4}{\376\377\000M\000o\000n\000\040\000c\000h\000o\000i\000x}{section.5}% 28
\BOOKMARK [2][-]{subsection.5.5}{\376\377\000S\000\351\000c\000u\000r\000i\000t\000\351\000\040\000e\000t\000\040\000h\000\351\000b\000e\000r\000g\000e\000m\000e\000n\000t}{section.5}% 29
\BOOKMARK [2][-]{subsection.5.6}{\376\377\000P\000e\000r\000f\000o\000r\000m\000a\000n\000c\000e\000\040\000e\000t\000\040\000r\000\351\000s\000i\000l\000i\000e\000n\000c\000e\000\040\000\340\000\040\000l\000a\000\040\000c\000h\000a\000r\000g\000e}{section.5}% 30
\BOOKMARK [2][-]{subsection.5.7}{\376\377\000S\000c\000h\000e\000m\000a\000s\000\040\000R\000\351\000s\000e\000a\000u}{section.5}% 31
\BOOKMARK [1][-]{section.6}{\376\377\000D\000\351\000v\000e\000l\000o\000p\000p\000e\000m\000e\000n\000t\000\040\000d\000e\000\040\000l\000'\000a\000p\000p\000l\000i\000c\000a\000t\000i\000o\000n}{}% 32
\BOOKMARK [2][-]{subsection.6.1}{\376\377\000I\000n\000t\000r\000o\000d\000u\000c\000t\000i\000o\000n}{section.6}% 33
\BOOKMARK [2][-]{subsection.6.2}{\376\377\000A\000r\000c\000h\000i\000t\000e\000c\000t\000u\000r\000e}{section.6}% 34
\BOOKMARK [2][-]{subsection.6.3}{\376\377\000D\000o\000c\000u\000m\000e\000n\000t\000a\000t\000i\000o\000n\000\040\000d\000u\000\040\000c\000o\000d\000e}{section.6}% 35
\BOOKMARK [2][-]{subsection.6.4}{\376\377\000B\000o\000n\000n\000e\000s\000\040\000p\000r\000a\000t\000i\000q\000u\000e\000s\000\040\000d\000e\000\040\000p\000r\000o\000g\000r\000a\000m\000m\000a\000t\000i\000o\000n}{section.6}% 36
\BOOKMARK [2][-]{subsection.6.5}{\376\377\000T\000e\000s\000t\000s\000\040\000U\000n\000i\000t\000a\000i\000r\000e\000s}{section.6}% 37
\BOOKMARK [2][-]{subsection.6.6}{\376\377\000S\000\351\000c\000u\000r\000i\000t\000\351}{section.6}% 38
\BOOKMARK [3][-]{subsubsection.6.6.1}{\376\377\000R\000G\000P\000D}{subsection.6.6}% 39
\BOOKMARK [2][-]{subsection.6.7}{\376\377\000G\000r\000a\000p\000h\000Q\000L}{section.6}% 40
\BOOKMARK [1][-]{section.7}{\376\377\000B\000a\000s\000e\000\040\000d\000e\000\040\000d\000o\000n\000n\000\351\000e\000s}{}% 41
\BOOKMARK [2][-]{subsection.7.1}{\376\377\000I\000n\000t\000r\000o\000d\000u\000c\000t\000i\000o\000n}{section.7}% 42
\BOOKMARK [2][-]{subsection.7.2}{\376\377\000C\000h\000o\000i\000x\000\040\000d\000e\000\040\000l\000a\000\040\000b\000a\000s\000e\000\040\000d\000e\000\040\000d\000o\000n\000n\000\351\000e\000s}{section.7}% 43
\BOOKMARK [3][-]{subsubsection.7.2.1}{\376\377\000J\000u\000s\000t\000i\000f\000i\000c\000a\000t\000i\000o\000n\000\040\000d\000u\000\040\000c\000h\000o\000i\000x\000\040\000d\000'\000u\000n\000e\000\040\000b\000a\000s\000e\000\040\000d\000e\000\040\000d\000o\000n\000n\000\351\000e\000s\000\040\000r\000e\000l\000a\000t\000i\000o\000n\000n\000e\000l\000l\000e\000s}{subsection.7.2}% 44
\BOOKMARK [2][-]{subsection.7.3}{\376\377\000O\000p\000\351\000r\000a\000t\000i\000o\000n\000s\000\040\000s\000u\000r\000\040\000l\000a\000\040\000b\000a\000s\000e\000\040\000d\000e\000\040\000d\000o\000n\000n\000\351\000e\000s}{section.7}% 45
\BOOKMARK [2][-]{subsection.7.4}{\376\377\000S\000t\000r\000u\000c\000t\000u\000r\000e\000\040\000d\000e\000\040\000d\000o\000n\000n\000\351\000e\000s}{section.7}% 46
\BOOKMARK [3][-]{subsubsection.7.4.1}{\376\377\000N\000o\000r\000m\000a\000l\000i\000s\000a\000t\000i\000o\000n\000\040\000d\000e\000\040\000l\000a\000\040\000b\000a\000s\000e\000\040\000d\000e\000\040\000d\000o\000n\000n\000\351\000e\000s}{subsection.7.4}% 47
\BOOKMARK [3][-]{subsubsection.7.4.2}{\376\377\000S\000t\000r\000u\000c\000t\000u\000r\000e\000\040\000d\000e\000\040\000l\000a\000\040\000b\000a\000s\000e\000\040\000d\000e\000\040\000d\000o\000n\000n\000\351\000e\000s}{subsection.7.4}% 48
\BOOKMARK [2][-]{subsection.7.5}{\376\377\000G\000e\000s\000t\000i\000o\000n\000\040\000d\000e\000s\000\040\000t\000r\000a\000n\000s\000a\000c\000t\000i\000o\000n\000s\000\040\000e\000t\000\040\000d\000e\000\040\000l\000a\000\040\000c\000o\000n\000c\000u\000r\000r\000e\000n\000c\000e}{section.7}% 49
\BOOKMARK [2][-]{subsection.7.6}{\376\377\000S\000\351\000c\000u\000r\000i\000t\000\351\000\040\000d\000e\000\040\000l\000a\000\040\000b\000a\000s\000e\000\040\000d\000e\000\040\000d\000o\000n\000n\000\351\000e\000s}{section.7}% 50
\BOOKMARK [2][-]{subsection.7.7}{\376\377\000P\000e\000r\000f\000o\000r\000m\000a\000n\000c\000e\000\040\000e\000t\000\040\000o\000p\000t\000i\000m\000i\000s\000a\000t\000i\000o\000n}{section.7}% 51
\BOOKMARK [2][-]{subsection.7.8}{\376\377\000S\000t\000r\000a\000t\000\351\000g\000i\000e\000s\000\040\000d\000e\000\040\000s\000a\000u\000v\000e\000g\000a\000r\000d\000e\000\040\000e\000t\000\040\000d\000e\000\040\000r\000e\000s\000t\000a\000u\000r\000a\000t\000i\000o\000n}{section.7}% 52
\BOOKMARK [2][-]{subsection.7.9}{\376\377\000D\000\351\000f\000i\000s\000\040\000r\000e\000n\000c\000o\000n\000t\000r\000\351\000s}{section.7}% 53
\BOOKMARK [1][-]{section.8}{\376\377\000H\000i\000s\000t\000o\000r\000i\000q\000u\000e\000\040\000d\000u\000\040\000p\000r\000o\000j\000e\000t}{}% 54
\BOOKMARK [2][-]{subsection.8.1}{\376\377\000I\000n\000t\000r\000o\000d\000u\000c\000t\000i\000o\000n}{section.8}% 55
\BOOKMARK [2][-]{subsection.8.2}{\376\377\000C\000h\000r\000o\000n\000o\000l\000o\000g\000i\000e\000\040\000d\000u\000\040\000p\000r\000o\000j\000e\000t}{section.8}% 56
\BOOKMARK [2][-]{subsection.8.3}{\376\377\000R\000\351\000u\000n\000i\000o\000n\000s\000\040\000e\000t\000\040\000i\000n\000t\000e\000r\000a\000c\000t\000i\000o\000n\000s\000\040\000a\000v\000e\000c\000\040\000l\000e\000\040\000c\000l\000i\000e\000n\000t\000/\000r\000a\000p\000p\000o\000r\000t\000e\000u\000r}{section.8}% 57
\BOOKMARK [2][-]{subsection.8.4}{\376\377\000\311\000v\000o\000l\000u\000t\000i\000o\000n\000\040\000d\000e\000s\000\040\000c\000h\000o\000i\000x\000\040\000t\000e\000c\000h\000n\000i\000q\000u\000e\000s\000\040\000e\000t\000\040\000s\000t\000r\000a\000t\000\351\000g\000i\000q\000u\000e\000s}{section.8}% 58
\BOOKMARK [2][-]{subsection.8.5}{\376\377\000D\000\351\000f\000i\000s\000\040\000l\000o\000r\000s\000\040\000d\000u\000\040\000d\000\351\000v\000e\000l\000o\000p\000p\000e\000m\000e\000n\000t}{section.8}% 59
\BOOKMARK [3][-]{subsubsection.8.5.1}{\376\377\000L\000'\000a\000l\000g\000o\000r\000i\000t\000h\000m\000e\000\040\000d\000e\000s\000\040\000d\000e\000t\000t\000e\000s}{subsection.8.5}% 60
\BOOKMARK [3][-]{subsubsection.8.5.2}{\376\377\000l\000e\000\040\000c\000l\000u\000s\000t\000e\000r\000\040\000k\000u\000b\000e\000r\000n\000e\000t\000e\000e\000s}{subsection.8.5}% 61
\BOOKMARK [3][-]{subsubsection.8.5.3}{\376\377\000l\000e\000\040\000c\000l\000i\000e\000n\000t\000\040\000g\000r\000a\000p\000h\000q\000l}{subsection.8.5}% 62
\BOOKMARK [1][-]{section.9}{\376\377\000G\000e\000s\000t\000i\000o\000n\000\040\000d\000e\000\040\000v\000e\000r\000s\000i\000o\000n\000\040\000e\000t\000\040\000I\000n\000t\000\351\000g\000r\000a\000t\000i\000o\000n\000\040\000e\000t\000\040\000D\000\351\000p\000l\000o\000i\000e\000m\000e\000n\000t\000\040\000C\000o\000n\000t\000i\000n\000u}{}% 63
\BOOKMARK [2][-]{subsection.9.1}{\376\377\000G\000e\000s\000t\000i\000o\000n\000\040\000d\000e\000\040\000v\000e\000r\000s\000i\000o\000n}{section.9}% 64
\BOOKMARK [2][-]{subsection.9.2}{\376\377\000I\000n\000t\000\351\000g\000r\000a\000t\000i\000o\000n\000\040\000e\000t\000\040\000d\000\351\000p\000l\000o\000i\000e\000m\000e\000n\000t\000\040\000c\000o\000n\000t\000i\000n\000u\000\040\000\050\000c\000i\000c\000d\000\051}{section.9}% 65
\BOOKMARK [3][-]{subsubsection.9.2.1}{\376\377\000T\000e\000s\000t\000s\000\040\000d\000e\000\040\000l\000'\000a\000p\000i}{subsection.9.2}% 66
\BOOKMARK [3][-]{subsubsection.9.2.2}{\376\377\000T\000e\000s\000t\000s\000\040\000d\000e\000\040\000l\000'\000i\000n\000t\000e\000r\000f\000a\000c\000e\000\040\000w\000e\000b}{subsection.9.2}% 67
\BOOKMARK [2][-]{subsection.9.3}{\376\377\000C\000o\000n\000c\000l\000u\000s\000i\000o\000n}{section.9}% 68
\BOOKMARK [1][-]{section.10}{\376\377\000P\000r\000o\000d\000u\000i\000t\000\040\000F\000i\000n\000i\000\040\000e\000t\000\040\000D\000\351\000m\000o\000n\000s\000t\000r\000a\000t\000i\000o\000n}{}% 69
\BOOKMARK [2][-]{subsection.10.1}{\376\377\000\311\000t\000a\000t\000\040\000A\000c\000t\000u\000e\000l\000\040\000d\000u\000\040\000P\000r\000o\000d\000u\000i\000t}{section.10}% 70
\BOOKMARK [2][-]{subsection.10.2}{\376\377\000I\000n\000s\000t\000a\000l\000l\000a\000t\000i\000o\000n\000\040\000d\000u\000\040\000P\000r\000o\000d\000u\000i\000t}{section.10}% 71
\BOOKMARK [2][-]{subsection.10.3}{\376\377\000D\000\351\000m\000o\000n\000s\000t\000r\000a\000t\000i\000o\000n\000\040\000d\000u\000\040\000P\000r\000o\000d\000u\000i\000t}{section.10}% 72
\BOOKMARK [2][-]{subsection.10.4}{\376\377\000C\000h\000a\000l\000l\000e\000n\000g\000e\000s\000\040\000e\000t\000\040\000A\000m\000\351\000l\000i\000o\000r\000a\000t\000i\000o\000n\000s\000\040\000F\000u\000t\000u\000r\000e\000s}{section.10}% 73
\BOOKMARK [2][-]{subsection.10.5}{\376\377\000P\000o\000i\000n\000t\000s\000\040\000d\000e\000\040\000F\000i\000e\000r\000t\000\351}{section.10}% 74
\BOOKMARK [1][-]{section.11}{\376\377\000B\000i\000l\000a\000n}{}% 75
\BOOKMARK [2][-]{subsection.11.1}{\376\377\000A\000n\000a\000l\000y\000s\000e\000\040\000c\000r\000i\000t\000i\000q\000u\000e\000\040\000d\000u\000\040\000p\000r\000o\000j\000e\000t}{section.11}% 76
\BOOKMARK [2][-]{subsection.11.2}{\376\377\000A\000m\000\351\000l\000i\000o\000r\000a\000t\000i\000o\000n\000s\000\040\000e\000n\000v\000i\000s\000a\000g\000e\000a\000b\000l\000e\000s}{section.11}% 77
\BOOKMARK [2][-]{subsection.11.3}{\376\377\000P\000l\000a\000n\000\040\000p\000o\000u\000r\000\040\000l\000e\000\040\000f\000u\000t\000u\000r}{section.11}% 78
\BOOKMARK [2][-]{subsection.11.4}{\376\377\000C\000e\000\040\000q\000u\000e\000\040\000j\000'\000a\000u\000r\000a\000i\000s\000\040\000f\000a\000i\000t\000\040\000a\000u\000t\000r\000e\000m\000e\000n\000t}{section.11}% 79
\BOOKMARK [1][-]{section.12}{\376\377\000R\000e\000s\000s\000o\000u\000r\000c\000e\000s\000\040\000u\000t\000i\000l\000i\000s\000\351\000e\000s}{}% 80
\BOOKMARK [2][-]{subsection.12.1}{\376\377\000O\000u\000t\000i\000l\000s\000\040\000d\000e\000\040\000d\000\351\000v\000e\000l\000o\000p\000p\000e\000m\000e\000n\000t}{section.12}% 81
\BOOKMARK [2][-]{subsection.12.2}{\376\377\000L\000a\000n\000g\000a\000g\000e\000s\000\040\000d\000e\000\040\000p\000r\000o\000g\000r\000a\000m\000m\000a\000t\000i\000o\000n}{section.12}% 82
\BOOKMARK [2][-]{subsection.12.3}{\376\377\000F\000r\000a\000m\000e\000w\000o\000r\000k\000s\000\040\000e\000t\000\040\000b\000i\000b\000l\000i\000o\000t\000h\000\350\000q\000u\000e\000s\000\040\000J\000a\000v\000a\000S\000c\000r\000i\000p\000t}{section.12}% 83
\BOOKMARK [2][-]{subsection.12.4}{\376\377\000A\000P\000I\000s\000\040\000t\000i\000e\000r\000c\000e\000s}{section.12}% 84
\BOOKMARK [2][-]{subsection.12.5}{\376\377\000A\000u\000t\000r\000e\000s\000\040\000r\000e\000s\000s\000o\000u\000r\000c\000e\000s}{section.12}% 85
\BOOKMARK [2][-]{subsection.12.6}{\376\377\000R\000e\000s\000s\000o\000u\000r\000c\000e\000s\000\040\000d\000u\000\040\000p\000r\000o\000j\000e\000t}{section.12}% 86
\BOOKMARK [1][-]{section.13}{\376\377\000C\000o\000n\000c\000l\000u\000s\000i\000o\000n}{}% 87
